<?xml version="1.0" encoding="UTF-8"?>
<!-- Generated by org.testng.reporters.JUnitReportReporter -->
<testsuite hostname="DESKTOP-KA91B3B" failures="0" tests="1" name="com.ComputerDatabaseDemo.FilterComputerTestCases.TC_FC_002" time="1.567" errors="0" timestamp="2021-03-30T17:11:32 BDT" skipped="0">
  <testcase classname="com.ComputerDatabaseDemo.FilterComputerTestCases.TC_FC_002" name="searchByValidInput" time="1.567"/>
  <system-out/>
</testsuite> <!-- com.ComputerDatabaseDemo.FilterComputerTestCases.TC_FC_002 -->
