<?xml version="1.0" encoding="UTF-8"?>
<!-- Generated by org.testng.reporters.JUnitReportReporter -->
<testsuite hostname="DESKTOP-KA91B3B" failures="0" tests="1" name="com.ComputerDatabaseDemo.EditComputerTestCases.TC_EC_002" time="9.707" errors="0" timestamp="2021-03-30T17:11:32 BDT" skipped="0">
  <testcase classname="com.ComputerDatabaseDemo.EditComputerTestCases.TC_EC_002" name="editComputerWithInvalidInput" time="9.707"/>
  <system-out/>
</testsuite> <!-- com.ComputerDatabaseDemo.EditComputerTestCases.TC_EC_002 -->
