<?xml version="1.0" encoding="UTF-8"?>
<!-- Generated by org.testng.reporters.JUnitReportReporter -->
<testsuite hostname="DESKTOP-KA91B3B" failures="0" tests="1" name="com.ComputerDatabaseDemo.EditComputerTestCases.TC_EC_002" time="17.637" errors="0" timestamp="2021-04-02T15:38:36 BDT" skipped="0">
  <testcase classname="com.ComputerDatabaseDemo.EditComputerTestCases.TC_EC_002" name="editComputerWithInvalidInput" time="17.637"/>
  <system-out/>
</testsuite> <!-- com.ComputerDatabaseDemo.EditComputerTestCases.TC_EC_002 -->
