<?xml version="1.0" encoding="UTF-8"?>
<!-- Generated by org.testng.reporters.JUnitReportReporter -->
<testsuite hostname="DESKTOP-KA91B3B" failures="0" tests="1" name="com.ComputerDatabaseDemo.AddComputerTestCases.TC_AC_002" time="14.161" errors="0" timestamp="2021-04-02T15:38:36 BDT" skipped="0">
  <testcase classname="com.ComputerDatabaseDemo.AddComputerTestCases.TC_AC_002" name="addComputerWithInvalidInput" time="14.161"/>
  <system-out/>
</testsuite> <!-- com.ComputerDatabaseDemo.AddComputerTestCases.TC_AC_002 -->
