<?xml version="1.0" encoding="UTF-8"?>
<!-- Generated by org.testng.reporters.JUnitReportReporter -->
<testsuite hostname="DESKTOP-KA91B3B" failures="0" tests="1" name="com.ComputerDatabaseDemo.EditComputerTestCases.TC_EC_001" time="7.555" errors="0" timestamp="2021-03-30T17:11:32 BDT" skipped="0">
  <testcase classname="com.ComputerDatabaseDemo.EditComputerTestCases.TC_EC_001" name="editComputerInfo" time="7.555"/>
  <system-out/>
</testsuite> <!-- com.ComputerDatabaseDemo.EditComputerTestCases.TC_EC_001 -->
