<?xml version="1.0" encoding="UTF-8"?>
<!-- Generated by org.testng.reporters.JUnitReportReporter -->
<testsuite hostname="DESKTOP-KA91B3B" failures="0" tests="1" name="com.ComputerDatabaseDemo.AddComputerTestCases.TC_AC_001" time="11.661" errors="0" timestamp="2021-04-02T15:38:36 BDT" skipped="0">
  <testcase classname="com.ComputerDatabaseDemo.AddComputerTestCases.TC_AC_001" name="addComputerWithEmptyField" time="11.661"/>
  <system-out/>
</testsuite> <!-- com.ComputerDatabaseDemo.AddComputerTestCases.TC_AC_001 -->
