<?xml version="1.0" encoding="UTF-8"?>
<!-- Generated by org.testng.reporters.JUnitReportReporter -->
<testsuite hostname="DESKTOP-KA91B3B" failures="0" tests="1" name="com.ComputerDatabaseDemo.FilterComputerTestCases.TC_FC_002" time="3.305" errors="0" timestamp="2021-04-02T15:38:36 BDT" skipped="0">
  <testcase classname="com.ComputerDatabaseDemo.FilterComputerTestCases.TC_FC_002" name="searchByValidInput" time="3.305"/>
  <system-out/>
</testsuite> <!-- com.ComputerDatabaseDemo.FilterComputerTestCases.TC_FC_002 -->
