<?xml version="1.0" encoding="UTF-8"?>
<!-- Generated by org.testng.reporters.JUnitReportReporter -->
<testsuite hostname="DESKTOP-KA91B3B" failures="0" tests="1" name="com.ComputerDatabaseDemo.EditComputerTestCases.TC_EC_001" time="12.867" errors="0" timestamp="2021-04-02T15:38:36 BDT" skipped="0">
  <testcase classname="com.ComputerDatabaseDemo.EditComputerTestCases.TC_EC_001" name="editComputerInfo" time="12.867"/>
  <system-out/>
</testsuite> <!-- com.ComputerDatabaseDemo.EditComputerTestCases.TC_EC_001 -->
