<?xml version="1.0" encoding="UTF-8"?>
<!-- Generated by org.testng.reporters.JUnitReportReporter -->
<testsuite hostname="DESKTOP-KA91B3B" failures="0" tests="1" name="com.ComputerDatabaseDemo.AddComputerTestCases.TC_AC_002" time="6.876" errors="0" timestamp="2021-03-28T18:45:53 BDT" skipped="0">
  <testcase classname="com.ComputerDatabaseDemo.AddComputerTestCases.TC_AC_002" name="addComputerWithInvalidInput" time="6.876"/>
  <system-out/>
</testsuite> <!-- com.ComputerDatabaseDemo.AddComputerTestCases.TC_AC_002 -->
