<?xml version="1.0" encoding="UTF-8"?>
<!-- Generated by org.testng.reporters.JUnitReportReporter -->
<testsuite hostname="DESKTOP-KA91B3B" failures="0" tests="1" name="com.ComputerDatabaseDemo.AddComputerTestCases.TC_AC_001" time="3.823" errors="0" timestamp="2021-03-28T10:08:51 BDT" skipped="0">
  <testcase classname="com.ComputerDatabaseDemo.AddComputerTestCases.TC_AC_001" name="addComputerWithEmptyField" time="3.823"/>
  <system-out/>
</testsuite> <!-- com.ComputerDatabaseDemo.AddComputerTestCases.TC_AC_001 -->
